<?xml version="1.0" encoding="UTF-8" ?>
<testsuite failures="0" time="0.273" errors="0" skipped="0" tests="1" name="com.enterprise.crm.login.LoginAuthenitcatorTest">
  <properties>
    <property name="java.runtime.name" value="Java(TM) SE Runtime Environment"/>
    <property name="sun.boot.library.path" value="/System/Library/Java/JavaVirtualMachines/1.6.0.jdk/Contents/Libraries"/>
    <property name="java.vm.version" value="20.10-b01-428"/>
    <property name="awt.nativeDoubleBuffering" value="true"/>
    <property name="gopherProxySet" value="false"/>
    <property name="mrj.build" value="11M3811"/>
    <property name="java.vm.vendor" value="Apple Inc."/>
    <property name="java.vendor.url" value="http://www.apple.com/"/>
    <property name="path.separator" value=":"/>
    <property name="java.vm.name" value="Java HotSpot(TM) 64-Bit Server VM"/>
    <property name="file.encoding.pkg" value="sun.io"/>
    <property name="user.country" value="US"/>
    <property name="sun.java.launcher" value="SUN_STANDARD"/>
    <property name="sun.os.patch.level" value="unknown"/>
    <property name="java.vm.specification.name" value="Java Virtual Machine Specification"/>
    <property name="user.dir" value="/Users/jamescrabbe/github/local/EarleCRM/earle-crm-web"/>
    <property name="java.runtime.version" value="1.6.0_35-b10-428-11M3811"/>
    <property name="netbeans.deploy" value="true"/>
    <property name="java.awt.graphicsenv" value="apple.awt.CGraphicsEnvironment"/>
    <property name="basedir" value="/Users/jamescrabbe/github/local/EarleCRM/earle-crm-web"/>
    <property name="java.endorsed.dirs" value="/System/Library/Java/JavaVirtualMachines/1.6.0.jdk/Contents/Home/lib/endorsed"/>
    <property name="os.arch" value="x86_64"/>
    <property name="surefire.real.class.path" value="/Users/jamescrabbe/github/local/EarleCRM/earle-crm-web/target/surefire/surefirebooter3730800853775175910.jar"/>
    <property name="java.io.tmpdir" value="/var/folders/_r/5g2n_9553312ph2bq3sg23jm0000gn/T/"/>
    <property name="line.separator" value="
"/>
    <property name="java.vm.specification.vendor" value="Sun Microsystems Inc."/>
    <property name="netbeans.deploy.debugmode" value="true"/>
    <property name="os.name" value="Mac OS X"/>
    <property name="sun.jnu.encoding" value="MacRoman"/>
    <property name="java.library.path" value=".:/Library/Java/Extensions:/System/Library/Java/Extensions:/usr/lib/java"/>
    <property name="surefire.test.class.path" value="/Users/jamescrabbe/github/local/EarleCRM/earle-crm-web/target/test-classes:/Users/jamescrabbe/github/local/EarleCRM/earle-crm-web/target/classes:/Users/jamescrabbe/.m2/repository/org/glassfish/extras/glassfish-embedded-all/3.1.1/glassfish-embedded-all-3.1.1.jar:/Users/jamescrabbe/.m2/repository/org/jboss/weld/weld-core/1.1.1.Final/weld-core-1.1.1.Final.jar:/Users/jamescrabbe/.m2/repository/javax/enterprise/cdi-api/1.0-SP4/cdi-api-1.0-SP4.jar:/Users/jamescrabbe/.m2/repository/javax/inject/javax.inject/1/javax.inject-1.jar:/Users/jamescrabbe/.m2/repository/org/jboss/weld/weld-api/1.1.Final/weld-api-1.1.Final.jar:/Users/jamescrabbe/.m2/repository/org/jboss/weld/weld-spi/1.1.Final/weld-spi-1.1.Final.jar:/Users/jamescrabbe/.m2/repository/javax/annotation/jsr250-api/1.0/jsr250-api-1.0.jar:/Users/jamescrabbe/.m2/repository/org/javassist/javassist/3.14.0-GA/javassist-3.14.0-GA.jar:/Users/jamescrabbe/.m2/repository/com/google/guava/guava/r06/guava-r06.jar:/Users/jamescrabbe/.m2/repository/org/jboss/spec/javax/interceptor/jboss-interceptors-api_1.1_spec/1.0.0.Beta1/jboss-interceptors-api_1.1_spec-1.0.0.Beta1.jar:/Users/jamescrabbe/.m2/repository/org/jboss/interceptor/jboss-interceptor-spi/2.0.0.CR1/jboss-interceptor-spi-2.0.0.CR1.jar:/Users/jamescrabbe/.m2/repository/org/jboss/interceptor/jboss-interceptor-core/2.0.0.CR1/jboss-interceptor-core-2.0.0.CR1.jar:/Users/jamescrabbe/.m2/repository/org/slf4j/slf4j-ext/1.5.10/slf4j-ext-1.5.10.jar:/Users/jamescrabbe/.m2/repository/ch/qos/cal10n/cal10n-api/0.7.2/cal10n-api-0.7.2.jar:/Users/jamescrabbe/.m2/repository/org/jboss/weld/se/weld-se/1.1.1.Final/weld-se-1.1.1.Final.jar:/Users/jamescrabbe/.m2/repository/com/sun/jersey/jersey-client/1.9.1/jersey-client-1.9.1.jar:/Users/jamescrabbe/.m2/repository/com/sun/jersey/jersey-core/1.9.1/jersey-core-1.9.1.jar:/Users/jamescrabbe/.m2/repository/dom4j/dom4j/1.6.1/dom4j-1.6.1.jar:/Users/jamescrabbe/.m2/repository/xml-apis/xml-apis/1.0.b2/xml-apis-1.0.b2.jar:/Users/jamescrabbe/.m2/repository/commons-httpclient/commons-httpclient/3.1/commons-httpclient-3.1.jar:/Users/jamescrabbe/.m2/repository/commons-logging/commons-logging/1.0.4/commons-logging-1.0.4.jar:/Users/jamescrabbe/.m2/repository/commons-codec/commons-codec/1.2/commons-codec-1.2.jar:/Users/jamescrabbe/.m2/repository/org/eclipse/persistence/javax.persistence/2.0.0/javax.persistence-2.0.0.jar:/Users/jamescrabbe/.m2/repository/javax/validation/validation-api/1.0.0.GA/validation-api-1.0.0.GA.jar:/Users/jamescrabbe/.m2/repository/javax/faces/jsf-api/2.0/jsf-api-2.0.jar:/Users/jamescrabbe/.m2/repository/javax/faces/jsf-impl/2.0.0-RC/jsf-impl-2.0.0-RC.jar:/Users/jamescrabbe/.m2/repository/javax/servlet/jstl/1.2/jstl-1.2.jar:/Users/jamescrabbe/.m2/repository/commons-lang/commons-lang/2.6/commons-lang-2.6.jar:/Users/jamescrabbe/.m2/repository/org/slf4j/slf4j-api/1.5.6/slf4j-api-1.5.6.jar:/Users/jamescrabbe/.m2/repository/org/slf4j/slf4j-log4j12/1.5.6/slf4j-log4j12-1.5.6.jar:/Users/jamescrabbe/.m2/repository/log4j/log4j/1.2.14/log4j-1.2.14.jar:/Users/jamescrabbe/.m2/repository/org/primefaces/themes/cupertino/1.0.6/cupertino-1.0.6.jar:/Users/jamescrabbe/.m2/repository/org/primefaces/primefaces/3.3.1/primefaces-3.3.1.jar:/Users/jamescrabbe/.m2/repository/org/dbunit/dbunit/2.4.8/dbunit-2.4.8.jar:/Users/jamescrabbe/.m2/repository/commons-collections/commons-collections/3.2.1/commons-collections-3.2.1.jar:/Users/jamescrabbe/.m2/repository/org/mockito/mockito-all/1.8.5/mockito-all-1.8.5.jar:/Users/jamescrabbe/.m2/repository/javax/javaee-api/6.0/javaee-api-6.0.jar:/Users/jamescrabbe/.m2/repository/junit/junit/4.8.2/junit-4.8.2.jar:/Users/jamescrabbe/.m2/repository/org/powermock/powermock-module-junit4/1.4.10/powermock-module-junit4-1.4.10.jar:/Users/jamescrabbe/.m2/repository/org/powermock/powermock-module-junit4-common/1.4.10/powermock-module-junit4-common-1.4.10.jar:/Users/jamescrabbe/.m2/repository/org/powermock/powermock-core/1.4.10/powermock-core-1.4.10.jar:/Users/jamescrabbe/.m2/repository/org/powermock/powermock-reflect/1.4.10/powermock-reflect-1.4.10.jar:/Users/jamescrabbe/.m2/repository/org/objenesis/objenesis/1.2/objenesis-1.2.jar:/Users/jamescrabbe/.m2/repository/org/powermock/powermock-api-mockito/1.4.10/powermock-api-mockito-1.4.10.jar:/Users/jamescrabbe/.m2/repository/org/powermock/powermock-api-support/1.4.10/powermock-api-support-1.4.10.jar:"/>
    <property name="java.specification.name" value="Java Platform API Specification"/>
    <property name="java.class.version" value="50.0"/>
    <property name="sun.management.compiler" value="HotSpot 64-Bit Tiered Compilers"/>
    <property name="os.version" value="10.7.4"/>
    <property name="http.nonProxyHosts" value="local|*.local|169.254/16|*.169.254/16"/>
    <property name="user.home" value="/Users/jamescrabbe"/>
    <property name="user.timezone" value=""/>
    <property name="java.awt.printerjob" value="apple.awt.CPrinterJob"/>
    <property name="java.specification.version" value="1.6"/>
    <property name="file.encoding" value="MacRoman"/>
    <property name="user.name" value="jamescrabbe"/>
    <property name="java.class.path" value="/Users/jamescrabbe/github/local/EarleCRM/earle-crm-web/target/test-classes:/Users/jamescrabbe/github/local/EarleCRM/earle-crm-web/target/classes:/Users/jamescrabbe/.m2/repository/org/glassfish/extras/glassfish-embedded-all/3.1.1/glassfish-embedded-all-3.1.1.jar:/Users/jamescrabbe/.m2/repository/org/jboss/weld/weld-core/1.1.1.Final/weld-core-1.1.1.Final.jar:/Users/jamescrabbe/.m2/repository/javax/enterprise/cdi-api/1.0-SP4/cdi-api-1.0-SP4.jar:/Users/jamescrabbe/.m2/repository/javax/inject/javax.inject/1/javax.inject-1.jar:/Users/jamescrabbe/.m2/repository/org/jboss/weld/weld-api/1.1.Final/weld-api-1.1.Final.jar:/Users/jamescrabbe/.m2/repository/org/jboss/weld/weld-spi/1.1.Final/weld-spi-1.1.Final.jar:/Users/jamescrabbe/.m2/repository/javax/annotation/jsr250-api/1.0/jsr250-api-1.0.jar:/Users/jamescrabbe/.m2/repository/org/javassist/javassist/3.14.0-GA/javassist-3.14.0-GA.jar:/Users/jamescrabbe/.m2/repository/com/google/guava/guava/r06/guava-r06.jar:/Users/jamescrabbe/.m2/repository/org/jboss/spec/javax/interceptor/jboss-interceptors-api_1.1_spec/1.0.0.Beta1/jboss-interceptors-api_1.1_spec-1.0.0.Beta1.jar:/Users/jamescrabbe/.m2/repository/org/jboss/interceptor/jboss-interceptor-spi/2.0.0.CR1/jboss-interceptor-spi-2.0.0.CR1.jar:/Users/jamescrabbe/.m2/repository/org/jboss/interceptor/jboss-interceptor-core/2.0.0.CR1/jboss-interceptor-core-2.0.0.CR1.jar:/Users/jamescrabbe/.m2/repository/org/slf4j/slf4j-ext/1.5.10/slf4j-ext-1.5.10.jar:/Users/jamescrabbe/.m2/repository/ch/qos/cal10n/cal10n-api/0.7.2/cal10n-api-0.7.2.jar:/Users/jamescrabbe/.m2/repository/org/jboss/weld/se/weld-se/1.1.1.Final/weld-se-1.1.1.Final.jar:/Users/jamescrabbe/.m2/repository/com/sun/jersey/jersey-client/1.9.1/jersey-client-1.9.1.jar:/Users/jamescrabbe/.m2/repository/com/sun/jersey/jersey-core/1.9.1/jersey-core-1.9.1.jar:/Users/jamescrabbe/.m2/repository/dom4j/dom4j/1.6.1/dom4j-1.6.1.jar:/Users/jamescrabbe/.m2/repository/xml-apis/xml-apis/1.0.b2/xml-apis-1.0.b2.jar:/Users/jamescrabbe/.m2/repository/commons-httpclient/commons-httpclient/3.1/commons-httpclient-3.1.jar:/Users/jamescrabbe/.m2/repository/commons-logging/commons-logging/1.0.4/commons-logging-1.0.4.jar:/Users/jamescrabbe/.m2/repository/commons-codec/commons-codec/1.2/commons-codec-1.2.jar:/Users/jamescrabbe/.m2/repository/org/eclipse/persistence/javax.persistence/2.0.0/javax.persistence-2.0.0.jar:/Users/jamescrabbe/.m2/repository/javax/validation/validation-api/1.0.0.GA/validation-api-1.0.0.GA.jar:/Users/jamescrabbe/.m2/repository/javax/faces/jsf-api/2.0/jsf-api-2.0.jar:/Users/jamescrabbe/.m2/repository/javax/faces/jsf-impl/2.0.0-RC/jsf-impl-2.0.0-RC.jar:/Users/jamescrabbe/.m2/repository/javax/servlet/jstl/1.2/jstl-1.2.jar:/Users/jamescrabbe/.m2/repository/commons-lang/commons-lang/2.6/commons-lang-2.6.jar:/Users/jamescrabbe/.m2/repository/org/slf4j/slf4j-api/1.5.6/slf4j-api-1.5.6.jar:/Users/jamescrabbe/.m2/repository/org/slf4j/slf4j-log4j12/1.5.6/slf4j-log4j12-1.5.6.jar:/Users/jamescrabbe/.m2/repository/log4j/log4j/1.2.14/log4j-1.2.14.jar:/Users/jamescrabbe/.m2/repository/org/primefaces/themes/cupertino/1.0.6/cupertino-1.0.6.jar:/Users/jamescrabbe/.m2/repository/org/primefaces/primefaces/3.3.1/primefaces-3.3.1.jar:/Users/jamescrabbe/.m2/repository/org/dbunit/dbunit/2.4.8/dbunit-2.4.8.jar:/Users/jamescrabbe/.m2/repository/commons-collections/commons-collections/3.2.1/commons-collections-3.2.1.jar:/Users/jamescrabbe/.m2/repository/org/mockito/mockito-all/1.8.5/mockito-all-1.8.5.jar:/Users/jamescrabbe/.m2/repository/javax/javaee-api/6.0/javaee-api-6.0.jar:/Users/jamescrabbe/.m2/repository/junit/junit/4.8.2/junit-4.8.2.jar:/Users/jamescrabbe/.m2/repository/org/powermock/powermock-module-junit4/1.4.10/powermock-module-junit4-1.4.10.jar:/Users/jamescrabbe/.m2/repository/org/powermock/powermock-module-junit4-common/1.4.10/powermock-module-junit4-common-1.4.10.jar:/Users/jamescrabbe/.m2/repository/org/powermock/powermock-core/1.4.10/powermock-core-1.4.10.jar:/Users/jamescrabbe/.m2/repository/org/powermock/powermock-reflect/1.4.10/powermock-reflect-1.4.10.jar:/Users/jamescrabbe/.m2/repository/org/objenesis/objenesis/1.2/objenesis-1.2.jar:/Users/jamescrabbe/.m2/repository/org/powermock/powermock-api-mockito/1.4.10/powermock-api-mockito-1.4.10.jar:/Users/jamescrabbe/.m2/repository/org/powermock/powermock-api-support/1.4.10/powermock-api-support-1.4.10.jar:"/>
    <property name="java.vm.specification.version" value="1.0"/>
    <property name="sun.arch.data.model" value="64"/>
    <property name="java.home" value="/System/Library/Java/JavaVirtualMachines/1.6.0.jdk/Contents/Home"/>
    <property name="sun.java.command" value="/Users/jamescrabbe/github/local/EarleCRM/earle-crm-web/target/surefire/surefirebooter3730800853775175910.jar /Users/jamescrabbe/github/local/EarleCRM/earle-crm-web/target/surefire/surefire241444941857508825tmp /Users/jamescrabbe/github/local/EarleCRM/earle-crm-web/target/surefire/surefire7987359170776157415tmp"/>
    <property name="java.specification.vendor" value="Sun Microsystems Inc."/>
    <property name="user.language" value="en"/>
    <property name="awt.toolkit" value="apple.awt.CToolkit"/>
    <property name="java.vm.info" value="mixed mode"/>
    <property name="java.version" value="1.6.0_35"/>
    <property name="java.ext.dirs" value="/Library/Java/Extensions:/System/Library/Java/Extensions:/System/Library/Java/JavaVirtualMachines/1.6.0.jdk/Contents/Home/lib/ext"/>
    <property name="sun.boot.class.path" value="/System/Library/Java/JavaVirtualMachines/1.6.0.jdk/Contents/Classes/jsfd.jar:/System/Library/Java/JavaVirtualMachines/1.6.0.jdk/Contents/Classes/classes.jar:/System/Library/Frameworks/JavaVM.framework/Frameworks/JavaRuntimeSupport.framework/Resources/Java/JavaRuntimeSupport.jar:/System/Library/Java/JavaVirtualMachines/1.6.0.jdk/Contents/Classes/ui.jar:/System/Library/Java/JavaVirtualMachines/1.6.0.jdk/Contents/Classes/laf.jar:/System/Library/Java/JavaVirtualMachines/1.6.0.jdk/Contents/Classes/sunrsasign.jar:/System/Library/Java/JavaVirtualMachines/1.6.0.jdk/Contents/Classes/jsse.jar:/System/Library/Java/JavaVirtualMachines/1.6.0.jdk/Contents/Classes/jce.jar:/System/Library/Java/JavaVirtualMachines/1.6.0.jdk/Contents/Classes/charsets.jar"/>
    <property name="java.vendor" value="Apple Inc."/>
    <property name="localRepository" value="/Users/jamescrabbe/.m2/repository"/>
    <property name="file.separator" value="/"/>
    <property name="java.vendor.url.bug" value="http://bugreport.apple.com/"/>
    <property name="sun.cpu.endian" value="little"/>
    <property name="sun.io.unicode.encoding" value="UnicodeLittle"/>
    <property name="mrj.version" value="1070.1.6.0_35-428"/>
    <property name="socksNonProxyHosts" value="local|*.local|169.254/16|*.169.254/16"/>
    <property name="ftp.nonProxyHosts" value="local|*.local|169.254/16|*.169.254/16"/>
    <property name="sun.cpu.isalist" value=""/>
  </properties>
  <testcase time="0.232" classname="com.enterprise.crm.login.LoginAuthenitcatorTest" name="testisValid"/>
</testsuite>